<?xml version="1.0" encoding="UTF-8"?>
<testsuite xmlns:xsi="http://www.w3.org/2001/XMLSchema-instance" xsi:noNamespaceSchemaLocation="https://maven.apache.org/surefire/maven-surefire-plugin/xsd/surefire-test-report-3.0.xsd" version="3.0" name="nl.tudelft.jpacman.board.BoardFactoryTest" time="1.02" tests="5" errors="0" skipped="0" failures="0">
  <properties>
    <property name="sun.desktop" value="gnome"/>
    <property name="awt.toolkit" value="sun.awt.X11.XToolkit"/>
    <property name="java.specification.version" value="11"/>
    <property name="sun.cpu.isalist" value=""/>
    <property name="sun.jnu.encoding" value="UTF-8"/>
    <property name="java.class.path" value="/home/xico2001pt/Desktop/TVVS/exercises/recitation-1-jpacman/jpacman/target/test-classes:/home/xico2001pt/Desktop/TVVS/exercises/recitation-1-jpacman/jpacman/target/classes:/home/xico2001pt/.m2/repository/com/google/guava/guava/24.1-jre/guava-24.1-jre.jar:/home/xico2001pt/.m2/repository/com/google/code/findbugs/jsr305/1.3.9/jsr305-1.3.9.jar:/home/xico2001pt/.m2/repository/org/checkerframework/checker-compat-qual/2.0.0/checker-compat-qual-2.0.0.jar:/home/xico2001pt/.m2/repository/com/google/errorprone/error_prone_annotations/2.1.3/error_prone_annotations-2.1.3.jar:/home/xico2001pt/.m2/repository/com/google/j2objc/j2objc-annotations/1.1/j2objc-annotations-1.1.jar:/home/xico2001pt/.m2/repository/org/codehaus/mojo/animal-sniffer-annotations/1.14/animal-sniffer-annotations-1.14.jar:/home/xico2001pt/.m2/repository/org/junit/jupiter/junit-jupiter-api/5.9.1/junit-jupiter-api-5.9.1.jar:/home/xico2001pt/.m2/repository/org/opentest4j/opentest4j/1.2.0/opentest4j-1.2.0.jar:/home/xico2001pt/.m2/repository/org/junit/platform/junit-platform-commons/1.9.1/junit-platform-commons-1.9.1.jar:/home/xico2001pt/.m2/repository/org/apiguardian/apiguardian-api/1.1.2/apiguardian-api-1.1.2.jar:/home/xico2001pt/.m2/repository/org/junit/jupiter/junit-jupiter-engine/5.9.1/junit-jupiter-engine-5.9.1.jar:/home/xico2001pt/.m2/repository/org/junit/platform/junit-platform-engine/1.9.1/junit-platform-engine-1.9.1.jar:/home/xico2001pt/.m2/repository/org/junit/vintage/junit-vintage-engine/5.9.1/junit-vintage-engine-5.9.1.jar:/home/xico2001pt/.m2/repository/org/junit/jupiter/junit-jupiter-params/5.9.1/junit-jupiter-params-5.9.1.jar:/home/xico2001pt/.m2/repository/junit/junit/4.12/junit-4.12.jar:/home/xico2001pt/.m2/repository/org/hamcrest/hamcrest-core/1.3/hamcrest-core-1.3.jar:/home/xico2001pt/.m2/repository/org/mockito/mockito-core/2.18.0/mockito-core-2.18.0.jar:/home/xico2001pt/.m2/repository/net/bytebuddy/byte-buddy/1.8.3/byte-buddy-1.8.3.jar:/home/xico2001pt/.m2/repository/net/bytebuddy/byte-buddy-agent/1.8.3/byte-buddy-agent-1.8.3.jar:/home/xico2001pt/.m2/repository/org/objenesis/objenesis/2.6/objenesis-2.6.jar:/home/xico2001pt/.m2/repository/org/assertj/assertj-core/3.9.1/assertj-core-3.9.1.jar:/home/xico2001pt/.m2/repository/info/cukes/cucumber-java/1.2.5/cucumber-java-1.2.5.jar:/home/xico2001pt/.m2/repository/info/cukes/cucumber-core/1.2.5/cucumber-core-1.2.5.jar:/home/xico2001pt/.m2/repository/info/cukes/cucumber-html/0.2.3/cucumber-html-0.2.3.jar:/home/xico2001pt/.m2/repository/info/cukes/cucumber-jvm-deps/1.0.5/cucumber-jvm-deps-1.0.5.jar:/home/xico2001pt/.m2/repository/info/cukes/gherkin/2.12.2/gherkin-2.12.2.jar:/home/xico2001pt/.m2/repository/info/cukes/cucumber-junit/1.2.5/cucumber-junit-1.2.5.jar:"/>
    <property name="java.vm.vendor" value="Ubuntu"/>
    <property name="sun.arch.data.model" value="64"/>
    <property name="java.vendor.url" value="https://ubuntu.com/"/>
    <property name="user.timezone" value=""/>
    <property name="java.vm.specification.version" value="11"/>
    <property name="os.name" value="Linux"/>
    <property name="sun.java.launcher" value="SUN_STANDARD"/>
    <property name="user.country" value="US"/>
    <property name="sun.boot.library.path" value="/usr/lib/jvm/java-11-openjdk-amd64/lib"/>
    <property name="sun.java.command" value="/home/xico2001pt/Desktop/TVVS/exercises/recitation-1-jpacman/jpacman/target/surefire/surefirebooter-20231025124516611_3.jar /home/xico2001pt/Desktop/TVVS/exercises/recitation-1-jpacman/jpacman/target/surefire 2023-10-25T12-45-16_183-jvmRun1 surefire-20231025124516611_1tmp surefire_0-20231025124516611_2tmp"/>
    <property name="jdk.debug" value="release"/>
    <property name="surefire.test.class.path" value="/home/xico2001pt/Desktop/TVVS/exercises/recitation-1-jpacman/jpacman/target/test-classes:/home/xico2001pt/Desktop/TVVS/exercises/recitation-1-jpacman/jpacman/target/classes:/home/xico2001pt/.m2/repository/com/google/guava/guava/24.1-jre/guava-24.1-jre.jar:/home/xico2001pt/.m2/repository/com/google/code/findbugs/jsr305/1.3.9/jsr305-1.3.9.jar:/home/xico2001pt/.m2/repository/org/checkerframework/checker-compat-qual/2.0.0/checker-compat-qual-2.0.0.jar:/home/xico2001pt/.m2/repository/com/google/errorprone/error_prone_annotations/2.1.3/error_prone_annotations-2.1.3.jar:/home/xico2001pt/.m2/repository/com/google/j2objc/j2objc-annotations/1.1/j2objc-annotations-1.1.jar:/home/xico2001pt/.m2/repository/org/codehaus/mojo/animal-sniffer-annotations/1.14/animal-sniffer-annotations-1.14.jar:/home/xico2001pt/.m2/repository/org/junit/jupiter/junit-jupiter-api/5.9.1/junit-jupiter-api-5.9.1.jar:/home/xico2001pt/.m2/repository/org/opentest4j/opentest4j/1.2.0/opentest4j-1.2.0.jar:/home/xico2001pt/.m2/repository/org/junit/platform/junit-platform-commons/1.9.1/junit-platform-commons-1.9.1.jar:/home/xico2001pt/.m2/repository/org/apiguardian/apiguardian-api/1.1.2/apiguardian-api-1.1.2.jar:/home/xico2001pt/.m2/repository/org/junit/jupiter/junit-jupiter-engine/5.9.1/junit-jupiter-engine-5.9.1.jar:/home/xico2001pt/.m2/repository/org/junit/platform/junit-platform-engine/1.9.1/junit-platform-engine-1.9.1.jar:/home/xico2001pt/.m2/repository/org/junit/vintage/junit-vintage-engine/5.9.1/junit-vintage-engine-5.9.1.jar:/home/xico2001pt/.m2/repository/org/junit/jupiter/junit-jupiter-params/5.9.1/junit-jupiter-params-5.9.1.jar:/home/xico2001pt/.m2/repository/junit/junit/4.12/junit-4.12.jar:/home/xico2001pt/.m2/repository/org/hamcrest/hamcrest-core/1.3/hamcrest-core-1.3.jar:/home/xico2001pt/.m2/repository/org/mockito/mockito-core/2.18.0/mockito-core-2.18.0.jar:/home/xico2001pt/.m2/repository/net/bytebuddy/byte-buddy/1.8.3/byte-buddy-1.8.3.jar:/home/xico2001pt/.m2/repository/net/bytebuddy/byte-buddy-agent/1.8.3/byte-buddy-agent-1.8.3.jar:/home/xico2001pt/.m2/repository/org/objenesis/objenesis/2.6/objenesis-2.6.jar:/home/xico2001pt/.m2/repository/org/assertj/assertj-core/3.9.1/assertj-core-3.9.1.jar:/home/xico2001pt/.m2/repository/info/cukes/cucumber-java/1.2.5/cucumber-java-1.2.5.jar:/home/xico2001pt/.m2/repository/info/cukes/cucumber-core/1.2.5/cucumber-core-1.2.5.jar:/home/xico2001pt/.m2/repository/info/cukes/cucumber-html/0.2.3/cucumber-html-0.2.3.jar:/home/xico2001pt/.m2/repository/info/cukes/cucumber-jvm-deps/1.0.5/cucumber-jvm-deps-1.0.5.jar:/home/xico2001pt/.m2/repository/info/cukes/gherkin/2.12.2/gherkin-2.12.2.jar:/home/xico2001pt/.m2/repository/info/cukes/cucumber-junit/1.2.5/cucumber-junit-1.2.5.jar:"/>
    <property name="sun.cpu.endian" value="little"/>
    <property name="user.home" value="/home/xico2001pt"/>
    <property name="user.language" value="en"/>
    <property name="java.specification.vendor" value="Oracle Corporation"/>
    <property name="java.version.date" value="2023-08-24"/>
    <property name="java.home" value="/usr/lib/jvm/java-11-openjdk-amd64"/>
    <property name="file.separator" value="/"/>
    <property name="basedir" value="/home/xico2001pt/Desktop/TVVS/exercises/recitation-1-jpacman/jpacman"/>
    <property name="java.vm.compressedOopsMode" value="Zero based"/>
    <property name="line.separator" value="&#10;"/>
    <property name="java.specification.name" value="Java Platform API Specification"/>
    <property name="java.vm.specification.vendor" value="Oracle Corporation"/>
    <property name="java.awt.graphicsenv" value="sun.awt.X11GraphicsEnvironment"/>
    <property name="surefire.real.class.path" value="/home/xico2001pt/Desktop/TVVS/exercises/recitation-1-jpacman/jpacman/target/surefire/surefirebooter-20231025124516611_3.jar"/>
    <property name="sun.management.compiler" value="HotSpot 64-Bit Tiered Compilers"/>
    <property name="java.runtime.version" value="11.0.20.1+1-post-Ubuntu-0ubuntu122.04"/>
    <property name="user.name" value="xico2001pt"/>
    <property name="path.separator" value=":"/>
    <property name="os.version" value="5.19.0-41-generic"/>
    <property name="java.runtime.name" value="OpenJDK Runtime Environment"/>
    <property name="file.encoding" value="UTF-8"/>
    <property name="java.vm.name" value="OpenJDK 64-Bit Server VM"/>
    <property name="localRepository" value="/home/xico2001pt/.m2/repository"/>
    <property name="java.vendor.url.bug" value="https://bugs.launchpad.net/ubuntu/+source/openjdk-lts"/>
    <property name="java.io.tmpdir" value="/tmp"/>
    <property name="java.version" value="11.0.20.1"/>
    <property name="user.dir" value="/home/xico2001pt/Desktop/TVVS/exercises/recitation-1-jpacman/jpacman"/>
    <property name="os.arch" value="amd64"/>
    <property name="java.vm.specification.name" value="Java Virtual Machine Specification"/>
    <property name="java.awt.printerjob" value="sun.print.PSPrinterJob"/>
    <property name="sun.os.patch.level" value="unknown"/>
    <property name="java.library.path" value="/usr/java/packages/lib:/usr/lib/x86_64-linux-gnu/jni:/lib/x86_64-linux-gnu:/usr/lib/x86_64-linux-gnu:/usr/lib/jni:/lib:/usr/lib"/>
    <property name="java.vm.info" value="mixed mode, sharing"/>
    <property name="java.vendor" value="Ubuntu"/>
    <property name="java.vm.version" value="11.0.20.1+1-post-Ubuntu-0ubuntu122.04"/>
    <property name="java.specification.maintenance.version" value="2"/>
    <property name="sun.io.unicode.encoding" value="UnicodeLittle"/>
    <property name="java.class.version" value="55.0"/>
  </properties>
  <testcase name="connectedEast" classname="nl.tudelft.jpacman.board.BoardFactoryTest" time="0.998"/>
  <testcase name="connectedWest" classname="nl.tudelft.jpacman.board.BoardFactoryTest" time="0.003"/>
  <testcase name="worldIsRound" classname="nl.tudelft.jpacman.board.BoardFactoryTest" time="0.005"/>
  <testcase name="connectedNorth" classname="nl.tudelft.jpacman.board.BoardFactoryTest" time="0.002"/>
  <testcase name="connectedSouth" classname="nl.tudelft.jpacman.board.BoardFactoryTest" time="0.002"/>
</testsuite>